\BOOKMARK [0][-]{chapter*.2}{\376\377\004\037\004\100\004\065\004\064\004\063\004\076\004\062\004\076\004\100}{}% 1
\BOOKMARK [0][-]{chapter.1}{\376\377\004\022\004\112\004\062\004\065\004\064\004\065\004\075\004\070\004\065}{}% 2
\BOOKMARK [1][-]{section.1.1}{\376\377\004\037\004\112\004\100\004\062\004\070\000\040\004\101\004\102\004\112\004\077\004\072\004\070\000\040\004\062\000\040\000C\000+\000+\000\040}{chapter.1}% 3
\BOOKMARK [2][-]{subsection.1.1.1}{\376\377\004\032\004\076\004\074\004\077\004\070\004\073\004\060\004\106\004\070\004\117\000\040\004\070\000\040\004\070\004\067\004\077\004\112\004\073\004\075\004\065\004\075\004\070\004\065}{section.1.1}% 4
\BOOKMARK [2][-]{subsection.1.1.2}{\376\377\004\032\004\060\004\072\000\040\004\064\004\060\000\040\004\072\004\076\004\074\004\077\004\070\004\073\004\070\004\100\004\060\004\074\004\065\000\040\004\070\000\040\004\070\004\067\004\077\004\112\004\073\004\075\004\070\004\074\000\040\004\077\004\100\004\076\004\063\004\100\004\060\004\074\004\060\000?}{section.1.1}% 5
\BOOKMARK [2][-]{subsection.1.1.3}{\376\377\004\030\004\074\004\077\004\073\004\065\004\074\004\065\004\075\004\102\004\070\004\100\004\060\004\075\004\065\000\040\004\075\004\060\000\040\004\061\004\112\004\073\004\063\004\060\004\100\004\101\004\072\004\070\000\040\004\065\004\067\004\070\004\072\000\040\004\062\000\040\000C\000+\000+\000\040}{section.1.1}% 6
\BOOKMARK [2][-]{subsection.1.1.4}{\376\377\004\037\004\112\004\100\004\062\004\060\004\102\004\060\000\040\004\075\004\070\000\040\004\077\004\100\004\076\004\063\004\100\004\060\004\074\004\060}{section.1.1}% 7
\BOOKMARK [1][-]{section.1.2}{\376\377\004\032\004\073\004\116\004\107\004\076\004\062\004\070\000\040\004\065\004\073\004\065\004\074\004\065\004\075\004\102\004\070\000\040\004\075\004\060\000\040\004\101\004\070\004\075\004\102\004\060\004\072\004\101\004\070\004\101\004\060\000\040\004\070\000\040\004\101\004\065\004\074\004\060\004\075\004\102\004\070\004\072\004\060\004\102\004\060\000\040\004\075\004\060\000\040\000C\000+\000+\000\040}{chapter.1}% 8
\BOOKMARK [2][-]{subsection.1.2.1}{\376\377\004\032\004\073\004\116\004\107\004\076\004\062\004\070\000\040\004\064\004\103\004\074\004\070}{section.1.2}% 9
\BOOKMARK [2][-]{subsection.1.2.2}{\376\377\004\041\004\077\004\065\004\106\004\070\004\060\004\073\004\075\004\070\000\040\004\101\004\070\004\074\004\062\004\076\004\073\004\070}{section.1.2}% 10
\BOOKMARK [2][-]{subsection.1.2.3}{\376\377\004\030\004\064\004\065\004\075\004\102\004\070\004\104\004\070\004\072\004\060\004\102\004\076\004\100\004\070}{section.1.2}% 11
\BOOKMARK [2][-]{subsection.1.2.4}{\376\377\004\033\004\070\004\102\004\065\004\100\004\060\004\073\004\070}{section.1.2}% 12
\BOOKMARK [2][-]{subsection.1.2.5}{\376\377\004\037\004\100\004\076\004\074\004\065\004\075\004\073\004\070\004\062\004\070\000\040\004\070\000\040\004\072\004\076\004\075\004\101\004\102\004\060\004\075\004\102\004\070}{section.1.2}% 13
\BOOKMARK [2][-]{subsection.1.2.6}{\376\377\004\037\004\076\004\064\004\077\004\100\004\076\004\063\004\100\004\060\004\074\004\070\000\040\000\050\004\044\004\103\004\075\004\072\004\106\004\070\004\070\000\051}{section.1.2}% 14
\BOOKMARK [2][-]{subsection.1.2.7}{\376\377\004\020\004\102\004\100\004\070\004\061\004\103\004\102\004\070}{section.1.2}% 15
\BOOKMARK [1][-]{section.1.3}{\376\377\004\041\004\102\004\060\004\075\004\064\004\060\004\100\004\102\004\065\004\075\000\040\004\072\004\076\004\075\004\067\004\076\004\073\004\065\004\075\000\040\000I\000/\000O\000\040\004\062\000\040\000C\000+\000+\000\040}{chapter.1}% 16
\BOOKMARK [2][-]{subsection.1.3.1}{\376\377\004\040\004\060\004\061\004\076\004\102\004\060\000\040\004\101\004\112\004\101\000\040\004\101\004\070\004\101\004\102\004\065\004\074\004\075\004\060\004\102\004\060\000\040\004\072\004\076\004\075\004\067\004\076\004\073\004\060}{section.1.3}% 17
\BOOKMARK [2][-]{subsection.1.3.2}{\376\377\004\040\004\060\004\061\004\076\004\102\004\060\000\040\004\101\004\112\004\101\000\040\000s\000t\000r\000i\000n\000g\000\040\004\064\004\060\004\075\004\075\004\070}{section.1.3}% 18
\BOOKMARK [1][-]{section.1.4}{\376\377\004\041\004\102\004\100\004\103\004\072\004\102\004\103\004\100\004\070\004\100\004\060\004\075\004\065\000\040\004\075\004\060\000\040\000C\000+\000+\000\040\004\077\004\100\004\076\004\063\004\100\004\060\004\074\004\060}{chapter.1}% 19
\BOOKMARK [2][-]{subsection.1.4.1}{\376\377\004\024\004\070\004\100\004\065\004\072\004\102\004\070\004\062\004\070\000\040\004\072\004\112\004\074\000\040\004\077\004\100\004\065\004\064\004\077\004\100\004\076\004\106\004\065\004\101\004\076\004\100\004\060}{section.1.4}% 20
\BOOKMARK [2][-]{subsection.1.4.2}{\376\377\004\036\004\061\004\073\004\060\004\101\004\102\004\070\000\040\004\075\004\060\000\040\004\070\004\074\004\065\004\075\004\060\004\102\004\060}{section.1.4}% 21
\BOOKMARK [0][-]{chapter.2}{\376\377\004\042\004\070\004\077\004\076\004\062\004\065\000\040\004\064\004\060\004\075\004\075\004\070}{}% 22
\BOOKMARK [1][-]{section.2.1}{\376\377\004\042\004\070\004\077\004\076\004\062\004\065\000\040\004\064\004\060\004\075\004\075\004\070\000\040\004\067\004\060\000\040\004\106\004\065\004\073\004\070\000\040\004\070\000\040\004\100\004\065\004\060\004\073\004\075\004\070\000\040\004\107\004\070\004\101\004\073\004\060}{chapter.2}% 23
\BOOKMARK [1][-]{section.2.2}{\376\377\004\042\004\070\004\077\004\076\004\062\004\065\000\040\004\064\004\060\004\075\004\075\004\070\000\040\004\067\004\060\000\040\004\101\004\070\004\074\004\062\004\076\004\073\000\040\004\070\000\040\004\075\004\070\004\067}{chapter.2}% 24
\BOOKMARK [1][-]{section.2.3}{\376\377\004\033\004\076\004\063\004\070\004\107\004\065\004\101\004\072\004\070\000\040\004\064\004\060\004\075\004\075\004\070}{chapter.2}% 25
\BOOKMARK [0][-]{chapter.3}{\376\377\004\032\004\076\004\075\004\101\004\102\004\100\004\103\004\072\004\106\004\070\004\070\000\040\004\067\004\060\000\040\004\077\004\076\004\102\004\076\004\107\004\065\004\075\000\040\004\072\004\076\004\075\004\102\004\100\004\076\004\073}{}% 26
\BOOKMARK [1][-]{section.3.1}{\376\377\004\032\004\076\004\075\004\101\004\102\004\100\004\103\004\072\004\106\004\070\004\070\000\040\004\067\004\060\000\040\004\100\004\060\004\067\004\072\004\073\004\076\004\075\004\065\004\075\004\070\004\065}{chapter.3}% 27
\BOOKMARK [1][-]{section.3.2}{\376\377\004\032\004\076\004\075\004\101\004\102\004\100\004\103\004\072\004\106\004\070\004\070\000\040\004\067\004\060\000\040\004\106\004\070\004\072\004\112\004\073}{chapter.3}% 28
\BOOKMARK [1][-]{section.3.3}{\376\377\004\032\004\076\004\075\004\101\004\102\004\100\004\103\004\072\004\106\004\070\004\070\000\040\004\067\004\060\000\040\004\077\004\100\004\065\004\072\004\112\004\101\004\062\004\060\004\075\004\065}{chapter.3}% 29
\BOOKMARK [1][-]{section.3.4}{\376\377\004\030\004\067\004\072\004\073\004\116\004\107\004\065\004\075\004\070\004\117\000\040\000\050\000E\000x\000c\000e\000p\000t\000i\000o\000n\000s\000\051\000\040\004\070\000\040\004\100\004\060\004\061\004\076\004\102\004\060\000\040\004\101\000\040\004\102\004\117\004\105}{chapter.3}% 30
\BOOKMARK [0][-]{chapter.4}{\376\377\004\041\004\112\004\101\004\102\004\060\004\062\004\075\004\070\000\040\004\102\004\070\004\077\004\076\004\062\004\065\000\040\004\064\004\060\004\075\004\075\004\070}{}% 31
\BOOKMARK [1][-]{section.4.1}{\376\377\004\034\004\060\004\101\004\070\004\062\004\070}{chapter.4}% 32
\BOOKMARK [2][-]{subsection.4.1.1}{\376\377\004\041\004\102\004\060\004\102\004\070\004\107\004\075\004\070\000\040\004\074\004\060\004\101\004\070\004\062\004\070}{section.4.1}% 33
\BOOKMARK [2][-]{subsection.4.1.2}{\376\377\004\024\004\070\004\075\004\060\004\074\004\070\004\107\004\075\004\070\000\040\004\074\004\060\004\101\004\070\004\062\004\070}{section.4.1}% 34
\BOOKMARK [2][-]{subsection.4.1.3}{\376\377\004\024\004\112\004\073\004\066\004\070\004\075\004\060\000\040\004\075\004\060\000\040\004\074\004\060\004\101\004\070\004\062}{section.4.1}% 35
\BOOKMARK [1][-]{section.4.2}{\376\377\004\041\004\102\004\100\004\103\004\072\004\102\004\103\004\100\004\070}{chapter.4}% 36
\BOOKMARK [1][-]{section.4.3}{\376\377\004\036\004\061\004\065\004\064\004\070\004\075\004\065\004\075\004\070\004\117}{chapter.4}% 37
\BOOKMARK [1][-]{section.4.4}{\376\377\004\030\004\067\004\061\004\100\004\076\004\117\004\062\004\060\004\075\004\065}{chapter.4}% 38
\BOOKMARK [1][-]{section.4.5}{\376\377\004\032\004\073\004\060\004\101\004\076\004\062\004\065}{chapter.4}% 39
\BOOKMARK [1][-]{section.4.6}{\376\377\004\032\004\076\004\073\004\065\004\072\004\106\004\070\004\070}{chapter.4}% 40
\BOOKMARK [2][-]{subsection.4.6.1}{\376\377\004\022\004\065\004\072\004\102\004\076\004\100}{section.4.6}% 41
\BOOKMARK [2][-]{subsection.4.6.2}{\376\377\004\041\004\077\004\070\004\101\004\112\004\072}{section.4.6}% 42
\BOOKMARK [2][-]{subsection.4.6.3}{\376\377\004\041\004\102\004\065\004\072}{section.4.6}% 43
\BOOKMARK [2][-]{subsection.4.6.4}{\376\377\004\036\004\077\004\060\004\110\004\072\004\060}{section.4.6}% 44
\BOOKMARK [2][-]{subsection.4.6.5}{\376\377\004\024\004\062\004\076\004\071\004\075\004\076\004\072\004\100\004\060\004\071\004\075\004\060\000\040\004\076\004\077\004\060\004\110\004\072\004\060}{section.4.6}% 45
\BOOKMARK [2][-]{subsection.4.6.6}{\376\377\004\034\004\075\004\076\004\066\004\065\004\101\004\102\004\062\004\076}{section.4.6}% 46
\BOOKMARK [2][-]{subsection.4.6.7}{\376\377\004\032\004\060\004\100\004\102\004\060}{section.4.6}% 47
\BOOKMARK [1][-]{section.4.7}{\376\377\004\032\004\073\004\116\004\107\004\076\004\062\004\060\004\102\004\060\000\040\004\064\004\103\004\074\004\060\000\040\000t\000y\000p\000e\000d\000e\000f}{chapter.4}% 48
\BOOKMARK [0][-]{chapter.5}{\376\377\004\034\004\060\004\075\004\070\004\077\004\103\004\073\004\070\004\100\004\060\004\075\004\065\000\040\004\075\004\060\000\040\004\077\004\060\004\074\004\065\004\102\004\102\004\060}{}% 49
\BOOKMARK [1][-]{section.5.1}{\376\377\004\043\004\072\004\060\004\067\004\060\004\102\004\065\004\073\004\070}{chapter.5}% 50
\BOOKMARK [1][-]{section.5.2}{\376\377\004\040\004\065\004\104\004\065\004\100\004\065\004\075\004\106\004\070\004\070}{chapter.5}% 51
\BOOKMARK [1][-]{section.5.3}{\376\377\004\020\004\064\004\100\004\065\004\101\004\075\004\060\000\040\004\060\004\100\004\070\004\102\004\074\004\065\004\102\004\070\004\072\004\060}{chapter.5}% 52
\BOOKMARK [1][-]{section.5.4}{\376\377\004\024\004\070\004\075\004\060\004\074\004\070\004\107\004\075\004\076\000\040\004\070\000\040\004\101\004\102\004\060\004\102\004\070\004\107\004\075\004\076\000\040\004\100\004\060\004\067\004\077\004\100\004\065\004\064\004\065\004\073\004\117\004\075\004\065\000\040\004\075\004\060\000\040\004\077\004\060\004\074\004\065\004\102\004\102\004\060}{chapter.5}% 53
\BOOKMARK [0][-]{chapter.6}{\376\377\004\020\004\073\004\063\004\076\004\100\004\070\004\102\004\074\004\070}{}% 54
\BOOKMARK [0][-]{chapter*.58}{\376\377\004\040\004\065\004\060\004\073\004\070\004\067\004\060\004\106\004\070\004\117\000\040\004\075\004\060\000\040\004\101\004\076\004\104\004\102\004\103\004\065\004\100\004\075\004\076\000\040\004\077\004\100\004\070\004\073\004\076\004\066\004\065\004\075\004\070\004\065}{}% 55
